<?xml version="1.0" encoding="UTF-8"?>
<!-- Generated by org.testng.reporters.JUnitReportReporter -->
<testsuite skipped="0" hostname="DESKTOP-2PVPGVB" name="com.automation.AutomationPractice.TC001_PurchaseTwoItems" tests="2" failures="0" timestamp="20 May 2018 13:04:29 GMT" time="38.727" errors="0">
  <testcase name="customerLogin" time="8.256" classname="com.automation.AutomationPractice.TC001_PurchaseTwoItems"/>
  <testcase name="purchaseTwoItems" time="30.471" classname="com.automation.AutomationPractice.TC001_PurchaseTwoItems"/>
</testsuite> <!-- com.automation.AutomationPractice.TC001_PurchaseTwoItems -->
