<?xml version="1.0" encoding="UTF-8"?>
<!-- Generated by org.testng.reporters.JUnitReportReporter -->
<testsuite skipped="0" hostname="Suuresh-PC" name="com.automation.AutomationPractice.TC001_PurchaseTwoItems" tests="2" failures="0" timestamp="18 May 2018 04:39:34 GMT" time="29.303" errors="0">
  <testcase name="customerLogin" time="6.162" classname="com.automation.AutomationPractice.TC001_PurchaseTwoItems"/>
  <testcase name="purchaseTwoItems" time="23.141" classname="com.automation.AutomationPractice.TC001_PurchaseTwoItems"/>
</testsuite> <!-- com.automation.AutomationPractice.TC001_PurchaseTwoItems -->
