<?xml version="1.0" encoding="UTF-8"?>
<!-- Generated by org.testng.reporters.JUnitReportReporter -->
<testsuite skipped="0" hostname="Suuresh-PC" name="com.automation.AutomationPractice.TC001_PurchaseTwoItems" tests="2" failures="0" timestamp="18 May 2018 01:47:58 GMT" time="20.891" errors="0">
  <testcase name="customerLogin" time="6.247" classname="com.automation.AutomationPractice.TC001_PurchaseTwoItems"/>
  <testcase name="purchaseTwoItems" time="14.644" classname="com.automation.AutomationPractice.TC001_PurchaseTwoItems"/>
</testsuite> <!-- com.automation.AutomationPractice.TC001_PurchaseTwoItems -->
